[Sat Oct 23 22:00:57.279730 2021] [php7:notice] [pid 26518] [client ::1:46408] PHP Fatal error:  Uncaught Error: Class 'Core\\Engine' not found in /home/christophe/OneDrive/Documents/Projets/Php/KuntoManager/public/index.php:26\nStack trace:\n#0 {main}\n  thrown in /home/christophe/OneDrive/Documents/Projets/Php/KuntoManager/public/index.php on line 26
[Sat Oct 23 22:01:02.183003 2021] [php7:notice] [pid 26518] [client ::1:46408] PHP Fatal error:  Uncaught Error: Class 'Core\\Engine' not found in /home/christophe/OneDrive/Documents/Projets/Php/KuntoManager/public/index.php:26\nStack trace:\n#0 {main}\n  thrown in /home/christophe/OneDrive/Documents/Projets/Php/KuntoManager/public/index.php on line 26
[Sat Oct 23 22:02:29.623482 2021] [php7:notice] [pid 26563] [client ::1:46426] PHP Fatal error:  Uncaught Error: Class 'Core\\Engine' not found in /home/christophe/OneDrive/Documents/Projets/Php/KuntoManager/public/index.php:32\nStack trace:\n#0 {main}\n  thrown in /home/christophe/OneDrive/Documents/Projets/Php/KuntoManager/public/index.php on line 32
[Sat Oct 23 22:05:50.730036 2021] [php7:notice] [pid 26516] [client ::1:46448] PHP Parse error:  syntax error, unexpected '}' in /home/christophe/OneDrive/Documents/Projets/Php/KuntoManager/public/index.php on line 29
[Sat Oct 23 22:05:51.536343 2021] [php7:notice] [pid 26516] [client ::1:46448] PHP Parse error:  syntax error, unexpected '}' in /home/christophe/OneDrive/Documents/Projets/Php/KuntoManager/public/index.php on line 29
[Sat Oct 23 22:05:53.392345 2021] [php7:notice] [pid 26516] [client ::1:46448] PHP Parse error:  syntax error, unexpected '}' in /home/christophe/OneDrive/Documents/Projets/Php/KuntoManager/public/index.php on line 29
[Sat Oct 23 22:06:01.179211 2021] [php7:notice] [pid 26564] [client ::1:46446] PHP Fatal error:  Uncaught Error: Class 'Core\\Engine' not found in /home/christophe/OneDrive/Documents/Projets/Php/KuntoManager/public/index.php:33\nStack trace:\n#0 {main}\n  thrown in /home/christophe/OneDrive/Documents/Projets/Php/KuntoManager/public/index.php on line 33
[Sat Oct 23 22:06:02.593555 2021] [php7:notice] [pid 26564] [client ::1:46446] PHP Fatal error:  Uncaught Error: Class 'Core\\Engine' not found in /home/christophe/OneDrive/Documents/Projets/Php/KuntoManager/public/index.php:33\nStack trace:\n#0 {main}\n  thrown in /home/christophe/OneDrive/Documents/Projets/Php/KuntoManager/public/index.php on line 33
[Sat Oct 23 22:06:44.299764 2021] [php7:notice] [pid 26518] [client ::1:46462] PHP Fatal error:  Uncaught Error: Class 'Core\\Engine' not found in /home/christophe/OneDrive/Documents/Projets/Php/KuntoManager/public/index.php:35\nStack trace:\n#0 {main}\n  thrown in /home/christophe/OneDrive/Documents/Projets/Php/KuntoManager/public/index.php on line 35
[Sat Oct 23 22:07:00.328628 2021] [php7:notice] [pid 26519] [client ::1:46464] PHP Fatal error:  Uncaught Error: Class 'Core\\Engine' not found in /home/christophe/OneDrive/Documents/Projets/Php/KuntoManager/public/index.php:35\nStack trace:\n#0 {main}\n  thrown in /home/christophe/OneDrive/Documents/Projets/Php/KuntoManager/public/index.php on line 35
[Sat Oct 23 22:07:01.469462 2021] [php7:notice] [pid 26519] [client ::1:46464] PHP Fatal error:  Uncaught Error: Class 'Core\\Engine' not found in /home/christophe/OneDrive/Documents/Projets/Php/KuntoManager/public/index.php:35\nStack trace:\n#0 {main}\n  thrown in /home/christophe/OneDrive/Documents/Projets/Php/KuntoManager/public/index.php on line 35
[Sat Oct 23 22:07:38.004828 2021] [php7:notice] [pid 26520] [client ::1:46474] PHP Fatal error:  Uncaught Error: Class 'Core\\Engine' not found in /home/christophe/OneDrive/Documents/Projets/Php/KuntoManager/public/index.php:37\nStack trace:\n#0 {main}\n  thrown in /home/christophe/OneDrive/Documents/Projets/Php/KuntoManager/public/index.php on line 37
[Sat Oct 23 22:07:38.897268 2021] [php7:notice] [pid 26520] [client ::1:46474] PHP Fatal error:  Uncaught Error: Class 'Core\\Engine' not found in /home/christophe/OneDrive/Documents/Projets/Php/KuntoManager/public/index.php:37\nStack trace:\n#0 {main}\n  thrown in /home/christophe/OneDrive/Documents/Projets/Php/KuntoManager/public/index.php on line 37
[Sat Oct 23 22:08:07.613507 2021] [php7:notice] [pid 26564] [client ::1:46482] PHP Fatal error:  Uncaught Error: Class 'Core\\Engine' not found in /home/christophe/OneDrive/Documents/Projets/Php/KuntoManager/public/index.php:37\nStack trace:\n#0 {main}\n  thrown in /home/christophe/OneDrive/Documents/Projets/Php/KuntoManager/public/index.php on line 37
[Sat Oct 23 22:08:08.424057 2021] [php7:notice] [pid 26564] [client ::1:46482] PHP Fatal error:  Uncaught Error: Class 'Core\\Engine' not found in /home/christophe/OneDrive/Documents/Projets/Php/KuntoManager/public/index.php:37\nStack trace:\n#0 {main}\n  thrown in /home/christophe/OneDrive/Documents/Projets/Php/KuntoManager/public/index.php on line 37
[Sat Oct 23 22:08:16.258770 2021] [php7:notice] [pid 26517] [client ::1:46484] PHP Fatal error:  Uncaught Error: Class 'Core\\Engine' not found in /home/christophe/OneDrive/Documents/Projets/Php/KuntoManager/public/index.php:37\nStack trace:\n#0 {main}\n  thrown in /home/christophe/OneDrive/Documents/Projets/Php/KuntoManager/public/index.php on line 37
[Sat Oct 23 22:08:16.876081 2021] [php7:notice] [pid 26517] [client ::1:46484] PHP Fatal error:  Uncaught Error: Class 'Core\\Engine' not found in /home/christophe/OneDrive/Documents/Projets/Php/KuntoManager/public/index.php:37\nStack trace:\n#0 {main}\n  thrown in /home/christophe/OneDrive/Documents/Projets/Php/KuntoManager/public/index.php on line 37
[Sat Oct 23 22:08:17.387031 2021] [php7:notice] [pid 26517] [client ::1:46484] PHP Fatal error:  Uncaught Error: Class 'Core\\Engine' not found in /home/christophe/OneDrive/Documents/Projets/Php/KuntoManager/public/index.php:37\nStack trace:\n#0 {main}\n  thrown in /home/christophe/OneDrive/Documents/Projets/Php/KuntoManager/public/index.php on line 37
[Sat Oct 23 22:08:25.566202 2021] [php7:notice] [pid 26518] [client ::1:46486] PHP Fatal error:  Uncaught Error: Class 'Core\\Engine' not found in /home/christophe/OneDrive/Documents/Projets/Php/KuntoManager/public/index.php:37\nStack trace:\n#0 {main}\n  thrown in /home/christophe/OneDrive/Documents/Projets/Php/KuntoManager/public/index.php on line 37
[Sat Oct 23 22:08:44.374876 2021] [php7:notice] [pid 26519] [client ::1:46490] PHP Warning:  require_once(../core/engine*.php): failed to open stream: No such file or directory in /home/christophe/OneDrive/Documents/Projets/Php/KuntoManager/public/index.php on line 30
[Sat Oct 23 22:08:44.374950 2021] [php7:notice] [pid 26519] [client ::1:46490] PHP Stack trace:
[Sat Oct 23 22:08:44.374972 2021] [php7:notice] [pid 26519] [client ::1:46490] PHP   1. {main}() /home/christophe/OneDrive/Documents/Projets/Php/KuntoManager/public/index.php:0
[Sat Oct 23 22:08:44.374989 2021] [php7:notice] [pid 26519] [client ::1:46490] PHP   2. spl_autoload_call() /home/christophe/OneDrive/Documents/Projets/Php/KuntoManager/public/index.php:35
[Sat Oct 23 22:08:44.375004 2021] [php7:notice] [pid 26519] [client ::1:46490] PHP   3. Web\\{closure:/home/christophe/OneDrive/Documents/Projets/Php/KuntoManager/public/index.php:26-31}() /home/christophe/OneDrive/Documents/Projets/Php/KuntoManager/public/index.php:35
[Sat Oct 23 22:08:44.375085 2021] [php7:notice] [pid 26519] [client ::1:46490] PHP Fatal error:  require_once(): Failed opening required '../core/engine*.php' (include_path='.:/usr/share/php') in /home/christophe/OneDrive/Documents/Projets/Php/KuntoManager/public/index.php on line 30
[Sat Oct 23 22:08:44.375106 2021] [php7:notice] [pid 26519] [client ::1:46490] PHP Stack trace:
[Sat Oct 23 22:08:44.375121 2021] [php7:notice] [pid 26519] [client ::1:46490] PHP   1. {main}() /home/christophe/OneDrive/Documents/Projets/Php/KuntoManager/public/index.php:0
[Sat Oct 23 22:08:44.375137 2021] [php7:notice] [pid 26519] [client ::1:46490] PHP   2. spl_autoload_call() /home/christophe/OneDrive/Documents/Projets/Php/KuntoManager/public/index.php:35
[Sat Oct 23 22:08:44.375151 2021] [php7:notice] [pid 26519] [client ::1:46490] PHP   3. Web\\{closure:/home/christophe/OneDrive/Documents/Projets/Php/KuntoManager/public/index.php:26-31}() /home/christophe/OneDrive/Documents/Projets/Php/KuntoManager/public/index.php:35
[Sat Oct 23 22:08:45.956404 2021] [php7:notice] [pid 26519] [client ::1:46490] PHP Warning:  require_once(../core/engine*.php): failed to open stream: No such file or directory in /home/christophe/OneDrive/Documents/Projets/Php/KuntoManager/public/index.php on line 30
[Sat Oct 23 22:08:45.956452 2021] [php7:notice] [pid 26519] [client ::1:46490] PHP Stack trace:
[Sat Oct 23 22:08:45.956469 2021] [php7:notice] [pid 26519] [client ::1:46490] PHP   1. {main}() /home/christophe/OneDrive/Documents/Projets/Php/KuntoManager/public/index.php:0
[Sat Oct 23 22:08:45.956482 2021] [php7:notice] [pid 26519] [client ::1:46490] PHP   2. spl_autoload_call() /home/christophe/OneDrive/Documents/Projets/Php/KuntoManager/public/index.php:35
[Sat Oct 23 22:08:45.956495 2021] [php7:notice] [pid 26519] [client ::1:46490] PHP   3. Web\\{closure:/home/christophe/OneDrive/Documents/Projets/Php/KuntoManager/public/index.php:26-31}() /home/christophe/OneDrive/Documents/Projets/Php/KuntoManager/public/index.php:35
[Sat Oct 23 22:08:45.956565 2021] [php7:notice] [pid 26519] [client ::1:46490] PHP Fatal error:  require_once(): Failed opening required '../core/engine*.php' (include_path='.:/usr/share/php') in /home/christophe/OneDrive/Documents/Projets/Php/KuntoManager/public/index.php on line 30
[Sat Oct 23 22:08:45.956582 2021] [php7:notice] [pid 26519] [client ::1:46490] PHP Stack trace:
[Sat Oct 23 22:08:45.956596 2021] [php7:notice] [pid 26519] [client ::1:46490] PHP   1. {main}() /home/christophe/OneDrive/Documents/Projets/Php/KuntoManager/public/index.php:0
[Sat Oct 23 22:08:45.956607 2021] [php7:notice] [pid 26519] [client ::1:46490] PHP   2. spl_autoload_call() /home/christophe/OneDrive/Documents/Projets/Php/KuntoManager/public/index.php:35
[Sat Oct 23 22:08:45.956620 2021] [php7:notice] [pid 26519] [client ::1:46490] PHP   3. Web\\{closure:/home/christophe/OneDrive/Documents/Projets/Php/KuntoManager/public/index.php:26-31}() /home/christophe/OneDrive/Documents/Projets/Php/KuntoManager/public/index.php:35
[Sat Oct 23 22:25:50.287312 2021] [php7:notice] [pid 26519] [client ::1:46690] PHP Fatal error:  Uncaught Error: Class 'Core\\Env' not found in /home/christophe/OneDrive/Documents/Projets/Php/KuntoManager/core/engine.php:35\nStack trace:\n#0 /home/christophe/OneDrive/Documents/Projets/Php/KuntoManager/public/index.php(38): Core\\Engine->__construct()\n#1 {main}\n  thrown in /home/christophe/OneDrive/Documents/Projets/Php/KuntoManager/core/engine.php on line 35
[Sat Oct 23 22:26:42.717349 2021] [php7:notice] [pid 26563] [client ::1:46700] PHP Fatal error:  Uncaught Error: Class 'Core\\Env' not found in /home/christophe/OneDrive/Documents/Projets/Php/KuntoManager/core/engine.php:47\nStack trace:\n#0 /home/christophe/OneDrive/Documents/Projets/Php/KuntoManager/public/index.php(26): Core\\Engine->__construct()\n#1 {main}\n  thrown in /home/christophe/OneDrive/Documents/Projets/Php/KuntoManager/core/engine.php on line 47
[Sat Oct 23 22:26:43.566919 2021] [php7:notice] [pid 26563] [client ::1:46700] PHP Fatal error:  Uncaught Error: Class 'Core\\Env' not found in /home/christophe/OneDrive/Documents/Projets/Php/KuntoManager/core/engine.php:47\nStack trace:\n#0 /home/christophe/OneDrive/Documents/Projets/Php/KuntoManager/public/index.php(26): Core\\Engine->__construct()\n#1 {main}\n  thrown in /home/christophe/OneDrive/Documents/Projets/Php/KuntoManager/core/engine.php on line 47
[Sat Oct 23 22:26:44.028730 2021] [php7:notice] [pid 26563] [client ::1:46700] PHP Fatal error:  Uncaught Error: Class 'Core\\Env' not found in /home/christophe/OneDrive/Documents/Projets/Php/KuntoManager/core/engine.php:47\nStack trace:\n#0 /home/christophe/OneDrive/Documents/Projets/Php/KuntoManager/public/index.php(26): Core\\Engine->__construct()\n#1 {main}\n  thrown in /home/christophe/OneDrive/Documents/Projets/Php/KuntoManager/core/engine.php on line 47
[Sat Oct 23 22:26:59.606012 2021] [php7:notice] [pid 26520] [client ::1:46702] PHP Fatal error:  Uncaught Error: Class 'Core\\Env' not found in /home/christophe/OneDrive/Documents/Projets/Php/KuntoManager/core/engine.php:48\nStack trace:\n#0 /home/christophe/OneDrive/Documents/Projets/Php/KuntoManager/public/index.php(26): Core\\Engine->__construct()\n#1 {main}\n  thrown in /home/christophe/OneDrive/Documents/Projets/Php/KuntoManager/core/engine.php on line 48
[Sat Oct 23 22:27:00.514628 2021] [php7:notice] [pid 26520] [client ::1:46702] PHP Fatal error:  Uncaught Error: Class 'Core\\Env' not found in /home/christophe/OneDrive/Documents/Projets/Php/KuntoManager/core/engine.php:48\nStack trace:\n#0 /home/christophe/OneDrive/Documents/Projets/Php/KuntoManager/public/index.php(26): Core\\Engine->__construct()\n#1 {main}\n  thrown in /home/christophe/OneDrive/Documents/Projets/Php/KuntoManager/core/engine.php on line 48
[Sat Oct 23 22:27:23.633306 2021] [php7:notice] [pid 26564] [client ::1:46710] PHP Notice:  Array to string conversion in /home/christophe/OneDrive/Documents/Projets/Php/KuntoManager/core/engine.php on line 28
[Sat Oct 23 22:27:23.633384 2021] [php7:notice] [pid 26564] [client ::1:46710] PHP Stack trace:
[Sat Oct 23 22:27:23.633409 2021] [php7:notice] [pid 26564] [client ::1:46710] PHP   1. {main}() /home/christophe/OneDrive/Documents/Projets/Php/KuntoManager/public/index.php:0
[Sat Oct 23 22:27:23.633435 2021] [php7:notice] [pid 26564] [client ::1:46710] PHP   2. Core\\Engine->__construct() /home/christophe/OneDrive/Documents/Projets/Php/KuntoManager/public/index.php:26
[Sat Oct 23 22:27:23.633448 2021] [php7:notice] [pid 26564] [client ::1:46710] PHP   3. spl_autoload_call() /home/christophe/OneDrive/Documents/Projets/Php/KuntoManager/core/engine.php:48
[Sat Oct 23 22:27:23.633461 2021] [php7:notice] [pid 26564] [client ::1:46710] PHP   4. Core\\{closure:/home/christophe/OneDrive/Documents/Projets/Php/KuntoManager/core/engine.php:24-33}() /home/christophe/OneDrive/Documents/Projets/Php/KuntoManager/core/engine.php:48
[Sat Oct 23 22:27:23.633623 2021] [php7:notice] [pid 26564] [client ::1:46710] PHP Fatal error:  Uncaught Error: Class 'Core\\Env' not found in /home/christophe/OneDrive/Documents/Projets/Php/KuntoManager/core/engine.php:48\nStack trace:\n#0 /home/christophe/OneDrive/Documents/Projets/Php/KuntoManager/public/index.php(26): Core\\Engine->__construct()\n#1 {main}\n  thrown in /home/christophe/OneDrive/Documents/Projets/Php/KuntoManager/core/engine.php on line 48
[Sat Oct 23 22:27:24.707745 2021] [php7:notice] [pid 26564] [client ::1:46710] PHP Notice:  Array to string conversion in /home/christophe/OneDrive/Documents/Projets/Php/KuntoManager/core/engine.php on line 28
[Sat Oct 23 22:27:24.707840 2021] [php7:notice] [pid 26564] [client ::1:46710] PHP Stack trace:
[Sat Oct 23 22:27:24.707880 2021] [php7:notice] [pid 26564] [client ::1:46710] PHP   1. {main}() /home/christophe/OneDrive/Documents/Projets/Php/KuntoManager/public/index.php:0
[Sat Oct 23 22:27:24.707898 2021] [php7:notice] [pid 26564] [client ::1:46710] PHP   2. Core\\Engine->__construct() /home/christophe/OneDrive/Documents/Projets/Php/KuntoManager/public/index.php:26
[Sat Oct 23 22:27:24.707914 2021] [php7:notice] [pid 26564] [client ::1:46710] PHP   3. spl_autoload_call() /home/christophe/OneDrive/Documents/Projets/Php/KuntoManager/core/engine.php:48
[Sat Oct 23 22:27:24.707930 2021] [php7:notice] [pid 26564] [client ::1:46710] PHP   4. Core\\{closure:/home/christophe/OneDrive/Documents/Projets/Php/KuntoManager/core/engine.php:24-33}() /home/christophe/OneDrive/Documents/Projets/Php/KuntoManager/core/engine.php:48
[Sat Oct 23 22:27:24.708181 2021] [php7:notice] [pid 26564] [client ::1:46710] PHP Fatal error:  Uncaught Error: Class 'Core\\Env' not found in /home/christophe/OneDrive/Documents/Projets/Php/KuntoManager/core/engine.php:48\nStack trace:\n#0 /home/christophe/OneDrive/Documents/Projets/Php/KuntoManager/public/index.php(26): Core\\Engine->__construct()\n#1 {main}\n  thrown in /home/christophe/OneDrive/Documents/Projets/Php/KuntoManager/core/engine.php on line 48
[Sat Oct 23 22:27:40.804591 2021] [php7:notice] [pid 26517] [client ::1:46712] PHP Fatal error:  Uncaught Error: Class 'Core\\Env' not found in /home/christophe/OneDrive/Documents/Projets/Php/KuntoManager/core/engine.php:48\nStack trace:\n#0 /home/christophe/OneDrive/Documents/Projets/Php/KuntoManager/public/index.php(26): Core\\Engine->__construct()\n#1 {main}\n  thrown in /home/christophe/OneDrive/Documents/Projets/Php/KuntoManager/core/engine.php on line 48
[Sat Oct 23 22:28:24.916814 2021] [php7:notice] [pid 26563] [client ::1:46726] PHP Fatal error:  Uncaught Error: Class 'Core\\Env' not found in /home/christophe/OneDrive/Documents/Projets/Php/KuntoManager/core/engine.php:48\nStack trace:\n#0 /home/christophe/OneDrive/Documents/Projets/Php/KuntoManager/public/index.php(26): Core\\Engine->__construct()\n#1 {main}\n  thrown in /home/christophe/OneDrive/Documents/Projets/Php/KuntoManager/core/engine.php on line 48
[Sat Oct 23 22:28:25.753636 2021] [php7:notice] [pid 26563] [client ::1:46726] PHP Fatal error:  Uncaught Error: Class 'Core\\Env' not found in /home/christophe/OneDrive/Documents/Projets/Php/KuntoManager/core/engine.php:48\nStack trace:\n#0 /home/christophe/OneDrive/Documents/Projets/Php/KuntoManager/public/index.php(26): Core\\Engine->__construct()\n#1 {main}\n  thrown in /home/christophe/OneDrive/Documents/Projets/Php/KuntoManager/core/engine.php on line 48
[Sat Oct 23 22:28:33.185982 2021] [php7:notice] [pid 26518] [client ::1:46724] PHP Fatal error:  Uncaught Error: Class 'Core\\Env' not found in /home/christophe/OneDrive/Documents/Projets/Php/KuntoManager/core/engine.php:48\nStack trace:\n#0 /home/christophe/OneDrive/Documents/Projets/Php/KuntoManager/public/index.php(26): Core\\Engine->__construct()\n#1 {main}\n  thrown in /home/christophe/OneDrive/Documents/Projets/Php/KuntoManager/core/engine.php on line 48
[Sat Oct 23 22:35:02.590635 2021] [php7:notice] [pid 26517] [client ::1:46772] PHP Fatal error:  Uncaught Error: Class 'Core\\Env' not found in /home/christophe/OneDrive/Documents/Projets/Php/KuntoManager/core/engine.php:59\nStack trace:\n#0 /home/christophe/OneDrive/Documents/Projets/Php/KuntoManager/public/index.php(26): Core\\Engine->__construct()\n#1 {main}\n  thrown in /home/christophe/OneDrive/Documents/Projets/Php/KuntoManager/core/engine.php on line 59
[Sat Oct 23 22:35:03.449717 2021] [php7:notice] [pid 26517] [client ::1:46772] PHP Fatal error:  Uncaught Error: Class 'Core\\Env' not found in /home/christophe/OneDrive/Documents/Projets/Php/KuntoManager/core/engine.php:59\nStack trace:\n#0 /home/christophe/OneDrive/Documents/Projets/Php/KuntoManager/public/index.php(26): Core\\Engine->__construct()\n#1 {main}\n  thrown in /home/christophe/OneDrive/Documents/Projets/Php/KuntoManager/core/engine.php on line 59
[Sat Oct 23 22:45:01.504175 2021] [php7:notice] [pid 26518] [client ::1:46842] PHP Fatal error:  Uncaught Error: Class 'Core\\Env' not found in /home/christophe/OneDrive/Documents/Projets/Php/KuntoManager/core/engine.php:58\nStack trace:\n#0 /home/christophe/OneDrive/Documents/Projets/Php/KuntoManager/public/index.php(26): Core\\Engine->__construct()\n#1 {main}\n  thrown in /home/christophe/OneDrive/Documents/Projets/Php/KuntoManager/core/engine.php on line 58
[Sat Oct 23 22:45:02.353084 2021] [php7:notice] [pid 26518] [client ::1:46842] PHP Fatal error:  Uncaught Error: Class 'Core\\Env' not found in /home/christophe/OneDrive/Documents/Projets/Php/KuntoManager/core/engine.php:58\nStack trace:\n#0 /home/christophe/OneDrive/Documents/Projets/Php/KuntoManager/public/index.php(26): Core\\Engine->__construct()\n#1 {main}\n  thrown in /home/christophe/OneDrive/Documents/Projets/Php/KuntoManager/core/engine.php on line 58
[Sat Oct 23 22:45:03.025534 2021] [php7:notice] [pid 26518] [client ::1:46842] PHP Fatal error:  Uncaught Error: Class 'Core\\Env' not found in /home/christophe/OneDrive/Documents/Projets/Php/KuntoManager/core/engine.php:58\nStack trace:\n#0 /home/christophe/OneDrive/Documents/Projets/Php/KuntoManager/public/index.php(26): Core\\Engine->__construct()\n#1 {main}\n  thrown in /home/christophe/OneDrive/Documents/Projets/Php/KuntoManager/core/engine.php on line 58
[Sat Oct 23 23:13:41.993700 2021] [php7:notice] [pid 26519] [client ::1:47074] PHP Parse error:  syntax error, unexpected ')' in /home/christophe/OneDrive/Documents/Projets/Php/KuntoManager/core/libs/db.inc.php on line 35
[Sat Oct 23 23:13:43.014606 2021] [php7:notice] [pid 26519] [client ::1:47074] PHP Parse error:  syntax error, unexpected ')' in /home/christophe/OneDrive/Documents/Projets/Php/KuntoManager/core/libs/db.inc.php on line 35
[Sat Oct 23 23:39:06.645297 2021] [php7:notice] [pid 26519] [client ::1:47290] [KuntoManager] MySQL PDO connection error: (1049) SQLSTATE[HY000] [1049] Unknown database 'KuntoManager' {file: /home/christophe/OneDrive/Documents/Projets/Php/KuntoManager/core/libs/drivers/mysql.inc.php}
[Sat Oct 23 23:39:07.590993 2021] [php7:notice] [pid 26518] [client ::1:47292] [KuntoManager] MySQL PDO connection error: (1049) SQLSTATE[HY000] [1049] Unknown database 'KuntoManager' {file: /home/christophe/OneDrive/Documents/Projets/Php/KuntoManager/core/libs/drivers/mysql.inc.php}
[Sat Oct 23 23:39:08.992902 2021] [php7:notice] [pid 26563] [client ::1:47294] [KuntoManager] MySQL PDO connection error: (1049) SQLSTATE[HY000] [1049] Unknown database 'KuntoManager' {file: /home/christophe/OneDrive/Documents/Projets/Php/KuntoManager/core/libs/drivers/mysql.inc.php}
[Sat Oct 23 23:39:11.899145 2021] [php7:notice] [pid 26520] [client ::1:47296] [KuntoManager] MySQL PDO connection error: (1049) SQLSTATE[HY000] [1049] Unknown database 'KuntoManager' {file: /home/christophe/OneDrive/Documents/Projets/Php/KuntoManager/core/libs/drivers/mysql.inc.php}
[Sat Oct 23 23:42:27.388079 2021] [php7:notice] [pid 26517] [client ::1:47312] [KuntoManager] MySQL PDO connection error: (1049) SQLSTATE[HY000] [1049] Unknown database 'KuntoManager' {file: /home/christophe/OneDrive/Documents/Projets/Php/KuntoManager/core/libs/drivers/mysql.inc.php}
[Sat Oct 23 23:50:35.837427 2021] [php7:notice] [pid 26516] [client ::1:47464] [KuntoManager] MySQL PDO connection error: (1049) SQLSTATE[HY000] [1049] Unknown database 'KuntoManager2' {file: /home/christophe/OneDrive/Documents/Projets/Php/KuntoManager/core/libs/drivers/mysql.inc.php}
